          50  -15853.6139574342     
          51   7317.05259573886     
          52  -3313.38230750439     
          53   1472.61435889084     
          54  -642.595356606912     
          55   275.398009974391     
          56  -115.957056831322     
          57   47.9822304129610     
          58  -19.5181954222214     
          59   7.80727816888857     
          60  -3.07171600087419     
          61   1.18905135517711     
          62 -0.452971944829374     
          63  0.169864479311015     
          64 -6.271919236099022E-002
          65  2.280697904036008E-002
          66 -8.169664133860326E-003
          67  2.883410870774233E-003
          68 -1.002925520269298E-003
          69  3.438601783780452E-004
          70 -1.162344264939871E-004
          71  3.874480883132904E-005
          72 -1.273801934180681E-005
          73  4.131249516261667E-006
          74 -1.321999845203733E-006
