           0  -24.0000000000000     
           1   288.000000000000     
           2  -2304.00000000000     
           3   13824.0000000000     
           4  -66355.2000000000     
           5   265420.800000000     
           6  -910014.171428571     
           7   2730042.51428571     
           8  -7280113.37142857     
           9   17472272.0914286     
          10  -38121320.9267532     
          11   76242641.8535065     
          12  -140755646.498781     
          13   241295393.997911     
          14  -386072630.396657     
          15   579108945.594986     
          16  -817565570.251744     
          17   1090087427.00233     
          18  -1376952539.37136     
          19   1652343047.24563     
          20  -1888392053.99501     
          21   2060064058.90364     
          22  -2149632061.46467     
          23   2149632061.46467     
          24  -2063646779.00608     
          25   1904904719.08254     
          26  -1693248639.18448     
          27   1451355976.44384     
          28  -1201122187.40180     
          29   960897749.921439     
          30  -743920838.648856     
          31   557940628.986642     
          32  -405775002.899376     
          33   286429413.811324     
          34  -196408740.899194     
          35   130939160.599462     
          36  -84933509.5780297     
          37   53642216.5755977     
          38  -33010594.8157524     
          39   19806356.8894515     
          40  -11593965.0084594     
          41   6625122.86197680     
          42  -3697742.99273124     
          43   2016950.72330795     
          44  -1075707.05243090     
          45   561238.462137863     
          46  -286589.853006569     
          47   143294.926503284     
          48  -70185.2701240576     
          49   33688.9296595477     
          50  -15853.6139574342     
          51   7317.05259573886     
          52  -3313.38230750439     
          53   1472.61435889084     
          54  -642.595356606912     
          55   275.398009974391     
          56  -115.957056831322     
          57   47.9822304129610     
          58  -19.5181954222214     
          59   7.80727816888857     
          60  -3.07171600087419     
          61   1.18905135517711     
          62 -0.452971944829374     
          63  0.169864479311015     
          64 -6.271919236099022E-002
          65  2.280697904036008E-002
          66 -8.169664133860326E-003
          67  2.883410870774233E-003
          68 -1.002925520269298E-003
          69  3.438601783780452E-004
          70 -1.162344264939871E-004
          71  3.874480883132904E-005
          72 -1.273801934180681E-005
          73  4.131249516261667E-006
          74 -1.321999845203733E-006
          75  4.174736353274948E-007
          76 -1.301216525696088E-007
          77  4.003743155987962E-008
          78 -1.216327034730520E-008
          79  3.648981104191560E-009
          80 -1.081179586427129E-009
          81  3.164428057835499E-010
          82 -9.150153420247227E-011
          83  2.614329548642065E-011
          84 -7.381636372636419E-012
          85  2.059991545852024E-012
          86 -5.682735298902134E-013
          87  1.549836899700582E-013
          88 -4.179335459866737E-014
          89  1.114489455964463E-014
          90 -2.939312850895288E-015
          91  7.667772654509447E-016
          92 -1.978780039873405E-016
          93  5.052204357123589E-017
          94 -1.276346363904907E-017
          95  3.190865909762267E-018
          96 -7.894925962298392E-019
          97  1.933451256073075E-019
          98 -4.687154560177153E-020
          99  1.124917094442517E-020
         100 -2.673070323427762E-021

