           0  -24.0000000000000     
           1   288.000000000000     
           2  -2304.00000000000     
           3   13824.0000000000     
           4  -66355.2000000000     
           5   265420.800000000     
           6  -910014.171428571     
           7   2730042.51428571     
           8  -7280113.37142857     
           9   17472272.0914286     
          10  -38121320.9267532     
          11   76242641.8535065     
          12  -140755646.498781     
          13   241295393.997911     
          14  -386072630.396657     
          15   579108945.594986     
          16  -817565570.251744     
          17   1090087427.00233     
          18  -1376952539.37136     
          19   1652343047.24563     
          20  -1888392053.99501     
          21   2060064058.90364     
          22  -2149632061.46467     
          23   2149632061.46467     
          24  -2063646779.00608     
