          25   1904904719.08254     
          26  -1693248639.18448     
          27   1451355976.44384     
          28  -1201122187.40180     
          29   960897749.921439     
          30  -743920838.648856     
          31   557940628.986642     
          32  -405775002.899376     
          33   286429413.811324     
          34  -196408740.899194     
          35   130939160.599462     
          36  -84933509.5780297     
          37   53642216.5755977     
          38  -33010594.8157524     
          39   19806356.8894515     
          40  -11593965.0084594     
          41   6625122.86197680     
          42  -3697742.99273124     
          43   2016950.72330795     
          44  -1075707.05243090     
          45   561238.462137863     
          46  -286589.853006569     
          47   143294.926503284     
          48  -70185.2701240576     
          49   33688.9296595477     
